<?xml version="1.0" encoding="utf-8"?><testsuites name="pytest tests"><testsuite name="pytest" errors="0" failures="0" skipped="0" tests="66" time="9.053" timestamp="2026-09-04T12:18:02.010186+00:00" hostname="agent-env-26915006-2122-4659-b653-60f42f9264fc"><testcase classname="tests.backend_test.TestCallDisposition" name="test_calling_list_prioritized" time="1.291" /><testcase classname="tests.backend_test.TestLeads" name="test_list_leads" time="1.447" /><testcase classname="tests.backend_test.TestCallDisposition" name="test_callback_requires_followup" time="0.189" /><testcase classname="tests.backend_test.TestLeads" name="test_invalid_phone_flag" time="0.079" /><testcase classname="tests.backend_test.TestLeads" name="test_saved_views[new_leads]" time="0.078" /><testcase classname="tests.backend_test.TestCallDisposition" name="test_call_back_later_requires_followup" time="0.275" /><testcase classname="tests.backend_test.TestLeads" name="test_saved_views[not_called]" time="0.076" /><testcase classname="tests.backend_test.TestLeads" name="test_saved_views[overdue_followups]" time="0.076" /><testcase classname="tests.backend_test.TestLeads" name="test_saved_views[hot_leads]" time="0.074" /><testcase classname="tests.backend_test.TestCallDisposition" name="test_interview_scheduled_requires_fields" time="0.197" /><testcase classname="tests.backend_test.TestLeads" name="test_saved_views[selected]" time="0.074" /><testcase classname="tests.backend_test.TestLeads" name="test_saved_views[joined]" time="0.075" /><testcase classname="tests.backend_test.TestLeads" name="test_saved_views[lost]" time="0.070" /><testcase classname="tests.backend_test.TestCallDisposition" name="test_selected_requires_joining_date" time="0.247" /><testcase classname="tests.backend_test.TestLeads" name="test_filter_priority" time="0.081" /><testcase classname="tests.backend_test.TestLeads" name="test_global_search" time="0.187" /><testcase classname="tests.backend_test.TestCallDisposition" name="test_lost_requires_reason" time="0.197" /><testcase classname="tests.backend_test.TestLeads" name="test_check_duplicate" time="0.217" /><testcase classname="tests.backend_test.TestCallDisposition" name="test_valid_disposition_saves" time="0.271" /><testcase classname="tests.backend_test.TestLeads" name="test_create_lead_and_persist" time="0.475" /><testcase classname="tests.backend_test.TestCallDisposition" name="test_callback_with_followup_creates_followup" time="0.337" /><testcase classname="tests.backend_test.TestLeads" name="test_create_lead_invalid_phone_flag" time="0.184" /><testcase classname="tests.backend_test.TestCallDisposition" name="test_interview_scheduled_creates_interview" time="0.410" /><testcase classname="tests.backend_test.TestLeads" name="test_update_lead_persists" time="0.394" /><testcase classname="tests.backend_test.TestFollowups" name="test_views[today]" time="0.089" /><testcase classname="tests.backend_test.TestFollowups" name="test_views[overdue]" time="0.073" /><testcase classname="tests.backend_test.TestFollowups" name="test_views[upcoming]" time="0.064" /><testcase classname="tests.backend_test.TestLeads" name="test_export_csv" time="0.084" /><testcase classname="tests.backend_test.TestFollowups" name="test_views[completed]" time="0.076" /><testcase classname="tests.backend_test.TestLeads" name="test_export_csv_with_filter" time="0.067" /><testcase classname="tests.backend_test.TestFollowups" name="test_overdue_has_badge_field" time="0.061" /><testcase classname="tests.backend_test.TestDashboards" name="test_main" time="0.145" /><testcase classname="tests.backend_test.TestFollowups" name="test_complete_followup_moves_to_completed" time="0.268" /><testcase classname="tests.backend_test.TestDashboards" name="test_funnel" time="0.087" /><testcase classname="tests.backend_test.TestDashboards" name="test_targets" time="0.085" /><testcase classname="tests.backend_test.TestFollowups" name="test_missed_followups_report" time="0.060" /><testcase classname="tests.backend_test.TestDashboards" name="test_leaderboard" time="0.087" /><testcase classname="tests.backend_test.TestAuth" name="test_login_admin" time="0.000" /><testcase classname="tests.backend_test.TestAuth" name="test_login_bad_password" time="0.394" /><testcase classname="tests.backend_test.TestDashboards" name="test_action_required" time="0.093" /><testcase classname="tests.backend_test.TestAuth" name="test_me" time="0.230" /><testcase classname="tests.backend_test.TestAuth" name="test_no_token_401" time="0.133" /><testcase classname="tests.backend_test.TestDashboards" name="test_my_day_recruiter" time="0.654" /><testcase classname="tests.backend_test.TestAuth" name="test_bcrypt_hash_format" time="0.080" /><testcase classname="tests.backend_test.TestDashboards" name="test_scorecard" time="0.148" /><testcase classname="tests.backend_test.TestClientsJobsUsers" name="test_clients_with_stats" time="0.082" /><testcase classname="tests.backend_test.TestClientsJobsUsers" name="test_jobs_with_client_name" time="0.071" /><testcase classname="tests.backend_test.TestInterviewsJoinings" name="test_list_interviews" time="0.077" /><testcase classname="tests.backend_test.TestClientsJobsUsers" name="test_create_client_and_job" time="0.352" /><testcase classname="tests.backend_test.TestInterviewsJoinings" name="test_interviews_tomorrow_view" time="0.078" /><testcase classname="tests.backend_test.TestInterviewsJoinings" name="test_patch_interview_stage_and_confirmation" time="0.352" /><testcase classname="tests.backend_test.TestClientsJobsUsers" name="test_recruiters_with_stats" time="0.070" /><testcase classname="tests.backend_test.TestClientsJobsUsers" name="test_create_user_toggle_and_reset" time="1.704" /><testcase classname="tests.backend_test.TestInterviewsJoinings" name="test_list_joinings" time="0.277" /><testcase classname="tests.backend_test.TestInterviewsJoinings" name="test_patch_joining" time="0.296" /><testcase classname="tests.backend_test.TestRoleScoping" name="test_recruiter_sees_only_own" time="0.252" /><testcase classname="tests.backend_test.TestRoleScoping" name="test_recruiter_cannot_list_users" time="0.070" /><testcase classname="tests.backend_test.TestRoleScoping" name="test_recruiter_cannot_assign" time="0.297" /><testcase classname="tests.backend_test.TestRoleScoping" name="test_recruiter_calling_list_scoped" time="0.103" /><testcase classname="tests.backend_test.TestAssignment" name="test_manual_assign" time="0.638" /><testcase classname="tests.backend_test.TestSettingsNotifications" name="test_get_settings" time="0.060" /><testcase classname="tests.backend_test.TestSettingsNotifications" name="test_update_settings_persists" time="0.239" /><testcase classname="tests.backend_test.TestAssignment" name="test_auto_distribute" time="1.001" /><testcase classname="tests.backend_test.TestSettingsNotifications" name="test_recruiter_cannot_update_settings" time="0.624" /><testcase classname="tests.backend_test.TestSettingsNotifications" name="test_notifications_and_read_all" time="0.260" /><testcase classname="tests.backend_test.TestSettingsNotifications" name="test_audit_logs" time="0.064" /></testsuite></testsuites>