<?xml version="1.0" encoding="utf-8"?><testsuites name="pytest tests"><testsuite name="pytest" errors="0" failures="0" skipped="0" tests="98" time="23.262" timestamp="2026-09-04T13:27:32.892541+00:00" hostname="agent-env-26915006-2122-4659-b653-60f42f9264fc"><testcase classname="tests.backend_test.TestCallDisposition" name="test_calling_list_prioritized" time="0.784" /><testcase classname="tests.backend_test.TestLeads" name="test_list_leads" time="0.896" /><testcase classname="tests.backend_test.TestCallDisposition" name="test_callback_requires_followup" time="0.318" /><testcase classname="tests.backend_test.TestLeads" name="test_invalid_phone_flag" time="0.078" /><testcase classname="tests.backend_test.TestLeads" name="test_saved_views[new_leads]" time="0.076" /><testcase classname="tests.backend_test.TestLeads" name="test_saved_views[not_called]" time="0.088" /><testcase classname="tests.backend_test.TestLeads" name="test_saved_views[overdue_followups]" time="0.076" /><testcase classname="tests.backend_test.TestCallDisposition" name="test_call_back_later_requires_followup" time="0.242" /><testcase classname="tests.backend_test.TestLeads" name="test_saved_views[hot_leads]" time="0.082" /><testcase classname="tests.backend_test.TestLeads" name="test_saved_views[selected]" time="0.081" /><testcase classname="tests.backend_test.TestLeads" name="test_saved_views[joined]" time="0.088" /><testcase classname="tests.backend_test.TestCallDisposition" name="test_interview_scheduled_requires_fields" time="0.246" /><testcase classname="tests.backend_test.TestLeads" name="test_saved_views[lost]" time="0.087" /><testcase classname="tests.backend_test.TestLeads" name="test_filter_priority" time="0.069" /><testcase classname="tests.backend_test.TestLeads" name="test_global_search" time="0.152" /><testcase classname="tests.backend_test.TestCallDisposition" name="test_selected_requires_joining_date" time="0.257" /><testcase classname="tests.backend_test.TestLeads" name="test_check_duplicate" time="0.178" /><testcase classname="tests.backend_test.TestLeads" name="test_create_lead_and_persist" time="0.453" /><testcase classname="tests.backend_test.TestCallDisposition" name="test_lost_requires_reason" time="0.356" /><testcase classname="tests.backend_test.TestCallDisposition" name="test_valid_disposition_saves" time="0.336" /><testcase classname="tests.backend_test.TestLeads" name="test_create_lead_invalid_phone_flag" time="0.154" /><testcase classname="tests.backend_test.TestLeads" name="test_update_lead_persists" time="0.424" /><testcase classname="tests.backend_test.TestCallDisposition" name="test_callback_with_followup_creates_followup" time="0.418" /><testcase classname="tests.backend_test.TestLeads" name="test_export_csv" time="0.085" /><testcase classname="tests.backend_test.TestCallDisposition" name="test_interview_scheduled_creates_interview" time="0.487" /><testcase classname="tests.backend_test.TestLeads" name="test_export_csv_with_filter" time="0.115" /><testcase classname="tests.backend_test.TestDashboards" name="test_main" time="0.139" /><testcase classname="tests.backend_test.TestDashboards" name="test_funnel" time="0.154" /><testcase classname="tests.backend_test.TestFollowups" name="test_views[today]" time="0.089" /><testcase classname="tests.backend_test.TestDashboards" name="test_targets" time="0.086" /><testcase classname="tests.backend_test.TestFollowups" name="test_views[overdue]" time="0.080" /><testcase classname="tests.backend_test.TestDashboards" name="test_leaderboard" time="0.103" /><testcase classname="tests.backend_test.TestFollowups" name="test_views[upcoming]" time="0.076" /><testcase classname="tests.backend_test.TestDashboards" name="test_action_required" time="0.111" /><testcase classname="tests.backend_test.TestFollowups" name="test_views[completed]" time="0.076" /><testcase classname="tests.backend_test.TestFollowups" name="test_overdue_has_badge_field" time="0.557" /><testcase classname="tests.backend_test.TestDashboards" name="test_my_day_recruiter" time="0.512" /><testcase classname="tests.backend_test.TestDashboards" name="test_scorecard" time="0.186" /><testcase classname="tests.backend_test.TestFollowups" name="test_complete_followup_moves_to_completed" time="0.897" /><testcase classname="tests.test_v2_audit.TestUsers" name="test_patch_user_and_duplicate_email" time="1.490" /><testcase classname="tests.backend_test.TestFollowups" name="test_missed_followups_report" time="0.078" /><testcase classname="tests.backend_test.TestAuth" name="test_login_admin" time="0.000" /><testcase classname="tests.backend_test.TestAuth" name="test_login_bad_password" time="0.386" /><testcase classname="tests.backend_test.TestAuth" name="test_me" time="0.075" /><testcase classname="tests.backend_test.TestAuth" name="test_no_token_401" time="0.164" /><testcase classname="tests.backend_test.TestAuth" name="test_bcrypt_hash_format" time="0.079" /><testcase classname="tests.test_v2_audit.TestUsers" name="test_admin_protected" time="0.308" /><testcase classname="tests.test_v2_audit.TestUsers" name="test_delete_user_requires_transfer" time="1.321" /><testcase classname="tests.backend_test.TestInterviewsJoinings" name="test_list_interviews" time="1.027" /><testcase classname="tests.backend_test.TestInterviewsJoinings" name="test_interviews_tomorrow_view" time="0.127" /><testcase classname="tests.test_v2_audit.TestUsers" name="test_delete_user_no_leads" time="0.527" /><testcase classname="tests.backend_test.TestInterviewsJoinings" name="test_patch_interview_stage_and_confirmation" time="0.937" /><testcase classname="tests.backend_test.TestInterviewsJoinings" name="test_list_joinings" time="0.079" /><testcase classname="tests.test_v2_audit.TestUsers" name="test_transfer_leads_endpoint" time="1.040" /><testcase classname="tests.backend_test.TestInterviewsJoinings" name="test_patch_joining" time="0.729" /><testcase classname="tests.backend_test.TestClientsJobsUsers" name="test_clients_with_stats" time="0.082" /><testcase classname="tests.backend_test.TestClientsJobsUsers" name="test_jobs_with_client_name" time="0.077" /><testcase classname="tests.backend_test.TestClientsJobsUsers" name="test_create_client_and_job" time="0.577" /><testcase classname="tests.test_v2_audit.TestUsers" name="test_recruiter_cannot_manage_users" time="0.865" /><testcase classname="tests.backend_test.TestClientsJobsUsers" name="test_recruiters_with_stats" time="0.083" /><testcase classname="tests.backend_test.TestClientsJobsUsers" name="test_create_user_toggle_and_reset" time="1.734" /><testcase classname="tests.backend_test.TestSettingsNotifications" name="test_get_settings" time="0.076" /><testcase classname="tests.backend_test.TestSettingsNotifications" name="test_update_settings_persists" time="0.519" /><testcase classname="tests.backend_test.TestSettingsNotifications" name="test_recruiter_cannot_update_settings" time="0.073" /><testcase classname="tests.backend_test.TestSettingsNotifications" name="test_notifications_and_read_all" time="0.723" /><testcase classname="tests.backend_test.TestSettingsNotifications" name="test_audit_logs" time="0.083" /><testcase classname="tests.test_v2_audit.TestFollowups" name="test_views_and_counts" time="1.130" /><testcase classname="tests.backend_test.TestRoleScoping" name="test_recruiter_sees_only_own" time="0.537" /><testcase classname="tests.backend_test.TestRoleScoping" name="test_recruiter_cannot_list_users" time="0.079" /><testcase classname="tests.backend_test.TestRoleScoping" name="test_recruiter_cannot_assign" time="0.076" /><testcase classname="tests.backend_test.TestRoleScoping" name="test_recruiter_calling_list_scoped" time="0.085" /><testcase classname="tests.test_v2_audit.TestFollowupEnforcement" name="test_non_final_status_requires_followup" time="1.102" /><testcase classname="tests.test_v2_audit.TestFollowups" name="test_create_reschedule_complete_delete" time="1.538" /><testcase classname="tests.test_v2_audit.TestFollowupEnforcement" name="test_final_status_validations" time="0.473" /><testcase classname="tests.test_v2_audit.TestFollowupEnforcement" name="test_selected_with_joining_date" time="0.155" /><testcase classname="tests.test_v2_audit.TestCallLog" name="test_no_answer_requires_followup" time="0.279" /><testcase classname="tests.test_v2_audit.TestFollowups" name="test_recruiter_cannot_delete_followup" time="0.338" /><testcase classname="tests.test_v2_audit.TestCallLog" name="test_not_interested_and_invalid_number" time="0.399" /><testcase classname="tests.test_v2_audit.TestFollowups" name="test_followups_search_and_recruiter_filter" time="0.201" /><testcase classname="tests.test_v2_audit.TestCallLog" name="test_interview_scheduled" time="0.548" /><testcase classname="tests.test_v2_audit.TestLeadPermissions" name="test_delete_lead_cascade" time="0.748" /><testcase classname="tests.test_v2_audit.TestDashboardSettings" name="test_dashboard_main_keys" time="0.123" /><testcase classname="tests.test_v2_audit.TestDashboardSettings" name="test_lead_views" time="0.435" /><testcase classname="tests.test_v2_audit.TestLeadPermissions" name="test_recruiter_scope_and_delete_guards" time="0.877" /><testcase classname="tests.test_v2_audit.TestDashboardSettings" name="test_settings_statuses" time="0.077" /><testcase classname="tests.test_v2_audit.TestInterviewsJoinings" name="test_stage_attended_and_rejected" time="0.787" /><testcase classname="tests.test_v2_audit.TestLeadPermissions" name="test_recruiter_can_edit_own_lead" time="0.213" /><testcase classname="tests.backend_test.TestAssignment" name="test_manual_assign" time="0.619" /><testcase classname="tests.test_v2_audit.TestInterviewsJoinings" name="test_interview_reschedule_and_delete" time="1.256" /><testcase classname="tests.backend_test.TestAssignment" name="test_auto_distribute" time="0.968" /><testcase classname="tests.test_v2_audit.TestInterviewsJoinings" name="test_joining_flow" time="0.702" /><testcase classname="tests.test_v2_audit.TestTags" name="test_tags_crud_and_permissions" time="1.037" /><testcase classname="tests.test_v2_audit.TestWaTemplates" name="test_templates_crud_and_seed" time="0.660" /><testcase classname="tests.test_v2_audit.TestTags" name="test_set_lead_tags_and_filter_and_delete_pull" time="0.955" /><testcase classname="tests.test_v2_audit.TestWaTemplates" name="test_whatsapp_log" time="0.237" /><testcase classname="tests.test_v2_audit.TestClientsJobs" name="test_client_and_job_crud" time="1.704" /><testcase classname="tests.test_v2_audit.TestNotes" name="test_notes_crud_and_activities_shape" time="0.733" /><testcase classname="tests.test_v2_audit.TestNotes" name="test_recruiter_cannot_edit_others_note" time="1.679" /></testsuite></testsuites>