<?xml version="1.0" encoding="utf-8"?><testsuites name="pytest tests"><testsuite name="pytest" errors="0" failures="0" skipped="0" tests="32" time="13.230" timestamp="2026-09-04T13:12:46.552230+00:00" hostname="agent-env-26915006-2122-4659-b653-60f42f9264fc"><testcase classname="tests.test_v2_audit.TestUsers" name="test_patch_user_and_duplicate_email" time="1.289" /><testcase classname="tests.test_v2_audit.TestFollowups" name="test_views_and_counts" time="1.488" /><testcase classname="tests.test_v2_audit.TestUsers" name="test_admin_protected" time="0.318" /><testcase classname="tests.test_v2_audit.TestFollowups" name="test_create_reschedule_complete_delete" time="1.604" /><testcase classname="tests.test_v2_audit.TestUsers" name="test_delete_user_requires_transfer" time="1.167" /><testcase classname="tests.test_v2_audit.TestUsers" name="test_delete_user_no_leads" time="0.678" /><testcase classname="tests.test_v2_audit.TestFollowups" name="test_recruiter_cannot_delete_followup" time="1.029" /><testcase classname="tests.test_v2_audit.TestUsers" name="test_transfer_leads_endpoint" time="1.066" /><testcase classname="tests.test_v2_audit.TestFollowups" name="test_followups_search_and_recruiter_filter" time="0.162" /><testcase classname="tests.test_v2_audit.TestFollowupEnforcement" name="test_non_final_status_requires_followup" time="0.765" /><testcase classname="tests.test_v2_audit.TestUsers" name="test_recruiter_cannot_manage_users" time="0.671" /><testcase classname="tests.test_v2_audit.TestFollowupEnforcement" name="test_final_status_validations" time="0.496" /><testcase classname="tests.test_v2_audit.TestCallLog" name="test_no_answer_requires_followup" time="0.283" /><testcase classname="tests.test_v2_audit.TestCallLog" name="test_not_interested_and_invalid_number" time="0.409" /><testcase classname="tests.test_v2_audit.TestFollowupEnforcement" name="test_selected_with_joining_date" time="0.156" /><testcase classname="tests.test_v2_audit.TestLeadPermissions" name="test_delete_lead_cascade" time="0.571" /><testcase classname="tests.test_v2_audit.TestCallLog" name="test_interview_scheduled" time="0.625" /><testcase classname="tests.test_v2_audit.TestLeadPermissions" name="test_recruiter_scope_and_delete_guards" time="0.820" /><testcase classname="tests.test_v2_audit.TestDashboardSettings" name="test_dashboard_main_keys" time="0.130" /><testcase classname="tests.test_v2_audit.TestDashboardSettings" name="test_lead_views" time="0.465" /><testcase classname="tests.test_v2_audit.TestLeadPermissions" name="test_recruiter_can_edit_own_lead" time="0.187" /><testcase classname="tests.test_v2_audit.TestDashboardSettings" name="test_settings_statuses" time="0.074" /><testcase classname="tests.test_v2_audit.TestTags" name="test_tags_crud_and_permissions" time="0.730" /><testcase classname="tests.test_v2_audit.TestInterviewsJoinings" name="test_stage_attended_and_rejected" time="0.844" /><testcase classname="tests.test_v2_audit.TestTags" name="test_set_lead_tags_and_filter_and_delete_pull" time="1.409" /><testcase classname="tests.test_v2_audit.TestInterviewsJoinings" name="test_interview_reschedule_and_delete" time="1.126" /><testcase classname="tests.test_v2_audit.TestInterviewsJoinings" name="test_joining_flow" time="0.708" /><testcase classname="tests.test_v2_audit.TestWaTemplates" name="test_templates_crud_and_seed" time="0.724" /><testcase classname="tests.test_v2_audit.TestNotes" name="test_notes_crud_and_activities_shape" time="0.623" /><testcase classname="tests.test_v2_audit.TestWaTemplates" name="test_whatsapp_log" time="0.298" /><testcase classname="tests.test_v2_audit.TestClientsJobs" name="test_client_and_job_crud" time="2.207" /><testcase classname="tests.test_v2_audit.TestNotes" name="test_recruiter_cannot_edit_others_note" time="1.437" /></testsuite></testsuites>